<?xml version="1.0" encoding="UTF-8"?>
<robot generator="Robot 7.2.2 (Python 3.13.2 on win32)" generated="2025-03-20T12:09:25.050943" rpa="false" schemaversion="5">
<suite id="s1" name="Robot-Framework-Env" source="C:\projetos\robot-framework-env">
<suite id="s1-s1" name="Utilizando o env" source="C:\projetos\robot-framework-env\Utilizando_o_env">
<suite id="s1-s1-s1" name="Executar" source="C:\projetos\robot-framework-env\Utilizando_o_env\executar.robot">
<test id="s1-s1-s1-t1" name="Logar com usuário Problem_user" line="16">
<kw name="Abrir o navegador" owner="keyword" type="SETUP">
<kw name="Open Browser" owner="SeleniumLibrary">
<msg time="2025-03-20T12:09:25.434785" level="INFO">Opening browser 'Chrome' to base url 'None'.</msg>
<arg>browser=Chrome</arg>
<doc>Opens a new browser instance to the optional ``url``.</doc>
<status status="PASS" start="2025-03-20T12:09:25.434185" elapsed="1.561824"/>
</kw>
<status status="PASS" start="2025-03-20T12:09:25.433037" elapsed="1.563224"/>
</kw>
<kw name="Login problem_user" owner="keyword">
<kw name="Set Global Variable" owner="BuiltIn">
<msg time="2025-03-20T12:09:26.997933" level="INFO">${user_standart} = problem_user</msg>
<arg>${user_standart}</arg>
<arg>${user_problem}</arg>
<doc>Makes a variable available globally in all tests and suites.</doc>
<status status="PASS" start="2025-03-20T12:09:26.997310" elapsed="0.001023"/>
</kw>
<kw name="Set Global Variable" owner="BuiltIn">
<msg time="2025-03-20T12:09:26.999263" level="INFO">${password_standart} = secret_sauce</msg>
<arg>${password_standart}</arg>
<arg>${password_problem}</arg>
<doc>Makes a variable available globally in all tests and suites.</doc>
<status status="PASS" start="2025-03-20T12:09:26.998533" elapsed="0.001299"/>
</kw>
<kw name="Efetuar login" owner="login">
<kw name="Go To" owner="SeleniumLibrary">
<msg time="2025-03-20T12:09:27.001335" level="INFO">Opening url 'https://www.saucedemo.com/'</msg>
<arg>url=https://www.saucedemo.com/</arg>
<doc>Navigates the current browser window to the provided ``url``.</doc>
<status status="PASS" start="2025-03-20T12:09:27.000903" elapsed="1.522411"/>
</kw>
<kw name="Wait Until Page Contains" owner="SeleniumLibrary">
<arg>text=Accepted usernames are</arg>
<doc>Waits until ``text`` appears on the current page.</doc>
<status status="PASS" start="2025-03-20T12:09:28.524003" elapsed="0.016368"/>
</kw>
<kw name="Input Text" owner="SeleniumLibrary">
<msg time="2025-03-20T12:09:28.541763" level="INFO">Typing text 'problem_user' into text field '(//input[@id='user-name'])[1]'.</msg>
<arg>(//input[@id='user-name'])[1]</arg>
<arg>${user_standart}</arg>
<doc>Types the given ``text`` into the text field identified by ``locator``.</doc>
<status status="PASS" start="2025-03-20T12:09:28.540659" elapsed="0.173001"/>
</kw>
<kw name="Input Text" owner="SeleniumLibrary">
<msg time="2025-03-20T12:09:28.715277" level="INFO">Typing text 'secret_sauce' into text field '//input[@id='password']'.</msg>
<arg>//input[@id='password']</arg>
<arg>${password_standart}</arg>
<doc>Types the given ``text`` into the text field identified by ``locator``.</doc>
<status status="PASS" start="2025-03-20T12:09:28.714195" elapsed="0.140314"/>
</kw>
<kw name="Click Button" owner="SeleniumLibrary">
<msg time="2025-03-20T12:09:28.855570" level="INFO">Clicking button 'Login'.</msg>
<arg>Login</arg>
<doc>Clicks the button identified by ``locator``.</doc>
<status status="PASS" start="2025-03-20T12:09:28.854790" elapsed="0.124377"/>
</kw>
<status status="PASS" start="2025-03-20T12:09:27.000183" elapsed="1.979185"/>
</kw>
<status status="PASS" start="2025-03-20T12:09:26.996713" elapsed="1.982752"/>
</kw>
<kw name="Fechar o navegador" owner="keyword" type="TEARDOWN">
<kw name="Close Browser" owner="SeleniumLibrary">
<doc>Closes the current browser.</doc>
<status status="PASS" start="2025-03-20T12:09:28.980910" elapsed="2.241734"/>
</kw>
<status status="PASS" start="2025-03-20T12:09:28.980094" elapsed="2.242735"/>
</kw>
<doc>Este cenário tem foco de mostrar como
utilizar o login através do env transformando as
variáveis locais em variáveis globais</doc>
<tag>login_problem</tag>
<status status="PASS" start="2025-03-20T12:09:25.431399" elapsed="5.791714"/>
</test>
<status status="PASS" start="2025-03-20T12:09:25.084721" elapsed="6.139967"/>
</suite>
<status status="PASS" start="2025-03-20T12:09:25.080400" elapsed="6.146089"/>
</suite>
<status status="PASS" start="2025-03-20T12:09:25.056273" elapsed="6.171603"/>
</suite>
<statistics>
<total>
<stat pass="1" fail="0" skip="0">All Tests</stat>
</total>
<tag>
<stat pass="1" fail="0" skip="0">login_problem</stat>
</tag>
<suite>
<stat name="Robot-Framework-Env" id="s1" pass="1" fail="0" skip="0">Robot-Framework-Env</stat>
<stat name="Utilizando o env" id="s1-s1" pass="1" fail="0" skip="0">Robot-Framework-Env.Utilizando o env</stat>
<stat name="Executar" id="s1-s1-s1" pass="1" fail="0" skip="0">Robot-Framework-Env.Utilizando o env.Executar</stat>
</suite>
</statistics>
<errors>
</errors>
</robot>
